Base path: 'D:/Unity/HUB/2019.4.15f1/Editor/Data', plugins path 'D:/Unity/HUB/2019.4.15f1/Editor/Data/PlaybackEngines'
Cmd: initializeCompiler
Cmd: compileComputeKernel
  api=4 insize=12109 outsize=1099 ok=1
Cmd: compileComputeKernel
  api=4 insize=11985 outsize=1465 ok=1
Cmd: compileComputeKernel
  api=4 insize=11985 outsize=1465 ok=1
Cmd: compileComputeKernel
  api=4 insize=11985 outsize=1502 ok=1
Cmd: compileComputeKernel
  api=4 insize=11985 outsize=1611 ok=1
Cmd: compileComputeKernel
  api=4 insize=18301 outsize=2213 ok=1
Cmd: compileComputeKernel
  api=4 insize=18301 outsize=3003 ok=1
Cmd: compileComputeKernel
  api=4 insize=66874 outsize=10967 ok=1
Cmd: compileComputeKernel
  api=4 insize=66874 outsize=1287 ok=1
Cmd: compileComputeKernel
  api=4 insize=66874 outsize=1310 ok=1
Cmd: compileComputeKernel
  api=4 insize=66874 outsize=1383 ok=1
Cmd: compileComputeKernel
  api=4 insize=66874 outsize=1547 ok=1
Cmd: compileComputeKernel
  api=4 insize=66874 outsize=1777 ok=1
Cmd: compileComputeKernel
  api=4 insize=66874 outsize=1819 ok=1
Cmd: compileComputeKernel
  api=4 insize=66874 outsize=2259 ok=1
Cmd: compileComputeKernel
  api=4 insize=66874 outsize=1856 ok=1
Cmd: compileComputeKernel
  api=4 insize=66874 outsize=1998 ok=1
Cmd: compileComputeKernel
  api=4 insize=66874 outsize=1341 ok=1
Cmd: compileComputeKernel
  api=4 insize=66874 outsize=2178 ok=1
Cmd: compileComputeKernel
  api=4 insize=66874 outsize=1680 ok=1
Cmd: compileComputeKernel
  api=4 insize=66874 outsize=921 ok=1
Cmd: compileComputeKernel
  api=4 insize=72903 outsize=7888 ok=1
Cmd: compileComputeKernel
  api=4 insize=34089 outsize=677 ok=1
Cmd: compileComputeKernel
  api=4 insize=34089 outsize=680 ok=1
Cmd: compileComputeKernel
  api=4 insize=34089 outsize=777 ok=1
Cmd: compileComputeKernel
  api=4 insize=34089 outsize=791 ok=1
Cmd: compileComputeKernel
  api=4 insize=34089 outsize=848 ok=1
Cmd: compileComputeKernel
  api=4 insize=34089 outsize=701 ok=1
Cmd: compileComputeKernel
  api=4 insize=34089 outsize=811 ok=1
Cmd: compileComputeKernel
  api=4 insize=34089 outsize=1269 ok=1
Cmd: compileComputeKernel
  api=4 insize=34089 outsize=1258 ok=1
Cmd: compileComputeKernel
  api=4 insize=34089 outsize=1520 ok=1
Cmd: compileComputeKernel
  api=4 insize=34089 outsize=1363 ok=1
Cmd: compileComputeKernel
  api=4 insize=34089 outsize=1359 ok=1
Cmd: compileComputeKernel
  api=4 insize=34089 outsize=1288 ok=1
Cmd: compileComputeKernel
  api=4 insize=34089 outsize=1369 ok=1
Cmd: compileComputeKernel
  api=4 insize=34089 outsize=1387 ok=1
Cmd: compileComputeKernel
  api=4 insize=79248 outsize=14204 ok=1
Cmd: compileComputeKernel
  api=4 insize=79248 outsize=24890 ok=1
Cmd: compileComputeKernel
  api=4 insize=4442 outsize=1590 ok=1
Cmd: compileSnippet
  api=4 type=1 insize=1602 outsize=7190 kw=UNITY_PASS_FORWARDBASE DIRECTIONAL SHADOWS_SCREEN LIGHTPROBE_SH pd=UNITY_ENABLE_REFLECTION_BUFFERS UNITY_USE_DITHER_MASK_FOR_ALPHABLENDED_SHADOWS UNITY_PBS_USE_BRDF1 UNITY_SPECCUBE_BOX_PROJECTION UNITY_SPECCUBE_BLENDING UNITY_ENABLE_DETAIL_NORMALMAP SHADER_API_DESKTOP UNITY_COLORSPACE_GAMMA UNITY_LIGHT_PROBE_PROXY_VOLUME UNITY_LIGHTMAP_FULL_HDR ok=1
